Total: 129 samples
      91  70.5%  70.5%       91  70.5% __strcmp_sse42
      18  14.0%  84.5%       59  45.7% SortedList_lookup
       7   5.4%  89.9%        7   5.4% __lll_unlock_wake
       4   3.1%  93.0%        4   3.1% __lll_lock_wait
       3   2.3%  95.3%       53  41.1% SortedList_insert
       2   1.6%  96.9%        2   1.6% hash
       1   0.8%  97.7%        1   0.8% 0x00007fff59bfc802
       1   0.8%  98.4%        8   6.2% __GI___pthread_mutex_unlock
       1   0.8%  99.2%        1   0.8% __random_r
       1   0.8% 100.0%        2   1.6% generate_string
       0   0.0% 100.0%        4   3.1% _L_lock_791
       0   0.0% 100.0%        7   5.4% _L_unlock_697
       0   0.0% 100.0%        4   3.1% __GI___pthread_mutex_lock
       0   0.0% 100.0%        1   0.8% __clock_gettime
       0   0.0% 100.0%      127  98.4% __clone
       0   0.0% 100.0%        2   1.6% __libc_start_main
       0   0.0% 100.0%        1   0.8% __random
       0   0.0% 100.0%        2   1.6% _start
       0   0.0% 100.0%       67  51.9% atomic_look_delete
       0   0.0% 100.0%      127  98.4% create_and_delete
       0   0.0% 100.0%        2   1.6% main
       0   0.0% 100.0%        5   3.9% mutex_delete
       0   0.0% 100.0%       60  46.5% mutex_insert
       0   0.0% 100.0%       62  48.1% mutex_lookup
       0   0.0% 100.0%        1   0.8% rand
       0   0.0% 100.0%      127  98.4% start_thread
